[    0.000000] Linux version 4.15.0-112-generic (buildd@lcy01-amd64-027) (gcc version 7.5.0 (Ubuntu 7.5.0-3ubuntu1~18.04)) #113-Ubuntu SMP Thu Jul 9 23:41:39 UTC 2020 (Ubuntu 4.15.0-112.113-generic 4.15.18)
[    0.000000] Command line: BOOT_IMAGE=/boot/vmlinuz-4.15.0-112-generic root=LABEL=cloudimg-rootfs ro console=tty1 console=ttyS0
[    0.000000] KERNEL supported cpus:
[    0.000000]   Intel GenuineIntel
[    0.000000]   AMD AuthenticAMD
[    0.000000]   Centaur CentaurHauls
[    0.000000] x86/fpu: Supporting XSAVE feature 0x001: 'x87 floating point registers'
[    0.000000] x86/fpu: Supporting XSAVE feature 0x002: 'SSE registers'
[    0.000000] x86/fpu: Supporting XSAVE feature 0x004: 'AVX registers'
[    0.000000] x86/fpu: xstate_offset[2]:  576, xstate_sizes[2]:  256
[    0.000000] x86/fpu: Enabled xstate features 0x7, context size is 832 bytes, using 'standard' format.
[    0.000000] e820: BIOS-provided physical RAM map:
[    0.000000] BIOS-e820: [mem 0x0000000000000000-0x000000000009fbff] usable
[    0.000000] BIOS-e820: [mem 0x000000000009fc00-0x000000000009ffff] reserved
[    0.000000] BIOS-e820: [mem 0x00000000000f0000-0x00000000000fffff] reserved
[    0.000000] BIOS-e820: [mem 0x0000000000100000-0x000000007ffeffff] usable
[    0.000000] BIOS-e820: [mem 0x000000007fff0000-0x000000007fffffff] ACPI data
[    0.000000] BIOS-e820: [mem 0x00000000fec00000-0x00000000fec00fff] reserved
[    0.000000] BIOS-e820: [mem 0x00000000fee00000-0x00000000fee00fff] reserved
[    0.000000] BIOS-e820: [mem 0x00000000fffc0000-0x00000000ffffffff] reserved
[    0.000000] NX (Execute Disable) protection: active
[    0.000000] SMBIOS 2.5 present.
[    0.000000] DMI: innotek GmbH VirtualBox/VirtualBox, BIOS VirtualBox 12/01/2006
[    0.000000] Hypervisor detected: KVM
[    0.000000] e820: last_pfn = 0x7fff0 max_arch_pfn = 0x400000000
[    0.000000] MTRR: Disabled
[    0.000000] x86/PAT: MTRRs disabled, skipping PAT initialization too.
[    0.000000] CPU MTRRs all blank - virtualized system.
[    0.000000] x86/PAT: Configuration [0-7]: WB  WT  UC- UC  WB  WT  UC- UC  
[    0.000000] found SMP MP-table at [mem 0x0009fff0-0x0009ffff]
[    0.000000] Scanning 1 areas for low memory corruption
[    0.000000] RAMDISK: [mem 0x35a69000-0x36d2bfff]
[    0.000000] ACPI: Early table checksum verification disabled
[    0.000000] ACPI: RSDP 0x00000000000E0000 000024 (v02 VBOX  )
[    0.000000] ACPI: XSDT 0x000000007FFF0030 00003C (v01 VBOX   VBOXXSDT 00000001 ASL  00000061)
[    0.000000] ACPI: FACP 0x000000007FFF00F0 0000F4 (v04 VBOX   VBOXFACP 00000001 ASL  00000061)
[    0.000000] ACPI: DSDT 0x000000007FFF0470 002325 (v02 VBOX   VBOXBIOS 00000002 INTL 20100528)
[    0.000000] ACPI: FACS 0x000000007FFF0200 000040
[    0.000000] ACPI: FACS 0x000000007FFF0200 000040
[    0.000000] ACPI: APIC 0x000000007FFF0240 00005C (v02 VBOX   VBOXAPIC 00000001 ASL  00000061)
[    0.000000] ACPI: SSDT 0x000000007FFF02A0 0001CC (v01 VBOX   VBOXCPUT 00000002 INTL 20100528)
[    0.000000] No NUMA configuration found
[    0.000000] Faking a node at [mem 0x0000000000000000-0x000000007ffeffff]
[    0.000000] NODE_DATA(0) allocated [mem 0x7ffc5000-0x7ffeffff]
[    0.000000] kvm-clock: cpu 0, msr 0:7ff44001, primary cpu clock
[    0.000000] kvm-clock: Using msrs 4b564d01 and 4b564d00
[    0.000000] kvm-clock: using sched offset of 3841104893 cycles
[    0.000000] clocksource: kvm-clock: mask: 0xffffffffffffffff max_cycles: 0x1cd42e4dffb, max_idle_ns: 881590591483 ns
[    0.000000] Zone ranges:
[    0.000000]   DMA      [mem 0x0000000000001000-0x0000000000ffffff]
[    0.000000]   DMA32    [mem 0x0000000001000000-0x000000007ffeffff]
[    0.000000]   Normal   empty
[    0.000000]   Device   empty
[    0.000000] Movable zone start for each node
[    0.000000] Early memory node ranges
[    0.000000]   node   0: [mem 0x0000000000001000-0x000000000009efff]
[    0.000000]   node   0: [mem 0x0000000000100000-0x000000007ffeffff]
[    0.000000] Reserved but unavailable: 98 pages
[    0.000000] Initmem setup node 0 [mem 0x0000000000001000-0x000000007ffeffff]
[    0.000000] ACPI: PM-Timer IO Port: 0x4008
[    0.000000] IOAPIC[0]: apic_id 2, version 32, address 0xfec00000, GSI 0-23
[    0.000000] ACPI: INT_SRC_OVR (bus 0 bus_irq 0 global_irq 2 dfl dfl)
[    0.000000] ACPI: INT_SRC_OVR (bus 0 bus_irq 9 global_irq 9 low level)
[    0.000000] Using ACPI (MADT) for SMP configuration information
[    0.000000] smpboot: Allowing 2 CPUs, 0 hotplug CPUs
[    0.000000] PM: Registered nosave memory: [mem 0x00000000-0x00000fff]
[    0.000000] PM: Registered nosave memory: [mem 0x0009f000-0x0009ffff]
[    0.000000] PM: Registered nosave memory: [mem 0x000a0000-0x000effff]
[    0.000000] PM: Registered nosave memory: [mem 0x000f0000-0x000fffff]
[    0.000000] e820: [mem 0x80000000-0xfebfffff] available for PCI devices
[    0.000000] Booting paravirtualized kernel on KVM
[    0.000000] clocksource: refined-jiffies: mask: 0xffffffff max_cycles: 0xffffffff, max_idle_ns: 7645519600211568 ns
[    0.000000] random: get_random_bytes called from start_kernel+0x99/0x500 with crng_init=0
[    0.000000] setup_percpu: NR_CPUS:8192 nr_cpumask_bits:2 nr_cpu_ids:2 nr_node_ids:1
[    0.000000] percpu: Embedded 45 pages/cpu s147456 r8192 d28672 u1048576
[    0.000000] PV qspinlock hash table entries: 256 (order: 0, 4096 bytes)
[    0.000000] Built 1 zonelists, mobility grouping on.  Total pages: 515961
[    0.000000] Policy zone: DMA32
[    0.000000] Kernel command line: BOOT_IMAGE=/boot/vmlinuz-4.15.0-112-generic root=LABEL=cloudimg-rootfs ro console=tty1 console=ttyS0
[    0.000000] Memory: 2015232K/2096696K available (12300K kernel code, 2481K rwdata, 4272K rodata, 2436K init, 2720K bss, 81464K reserved, 0K cma-reserved)
[    0.000000] SLUB: HWalign=64, Order=0-3, MinObjects=0, CPUs=2, Nodes=1
[    0.000000] Kernel/User page tables isolation: enabled
[    0.000000] ftrace: allocating 39378 entries in 154 pages
[    0.004000] Hierarchical RCU implementation.
[    0.004000] 	RCU restricting CPUs from NR_CPUS=8192 to nr_cpu_ids=2.
[    0.004000] 	Tasks RCU enabled.
[    0.004000] RCU: Adjusting geometry for rcu_fanout_leaf=16, nr_cpu_ids=2
[    0.004000] NR_IRQS: 524544, nr_irqs: 440, preallocated irqs: 16
[    0.004000] Console: colour VGA+ 80x25
[    0.004000] console [tty1] enabled
[    0.004000] console [ttyS0] enabled
[    0.004000] ACPI: Core revision 20170831
[    0.004000] ACPI: 2 ACPI AML tables successfully acquired and loaded
[    0.004000] APIC: Switch to symmetric I/O mode setup
[    0.004000] x2apic enabled
[    0.004000] Switched APIC routing to physical x2apic.
[    0.004000] ..TIMER: vector=0x30 apic1=0 pin1=2 apic2=-1 pin2=-1
[    0.004003] tsc: Detected 2303.998 MHz processor
[    0.005052] Calibrating delay loop (skipped) preset value.. 4607.99 BogoMIPS (lpj=9215992)
[    0.005529] pid_max: default: 32768 minimum: 301
[    0.008024] Security Framework initialized
[    0.008699] Yama: becoming mindful.
[    0.009446] AppArmor: AppArmor initialized
[    0.011952] Dentry cache hash table entries: 262144 (order: 9, 2097152 bytes)
[    0.013025] Inode-cache hash table entries: 131072 (order: 8, 1048576 bytes)
[    0.014420] Mount-cache hash table entries: 4096 (order: 3, 32768 bytes)
[    0.016005] Mountpoint-cache hash table entries: 4096 (order: 3, 32768 bytes)
[    0.017441] Last level iTLB entries: 4KB 64, 2MB 8, 4MB 8
[    0.020001] Last level dTLB entries: 4KB 64, 2MB 0, 4MB 0, 1GB 4
[    0.020956] Spectre V1 : Mitigation: usercopy/swapgs barriers and __user pointer sanitization
[    0.022556] Spectre V2 : Mitigation: Full generic retpoline
[    0.024001] Spectre V2 : Spectre v2 / SpectreRSB mitigation: Filling RSB on context switch
[    0.025316] Speculative Store Bypass: Vulnerable
[    0.026886] SRBDS: Unknown: Dependent on hypervisor status
[    0.028002] MDS: Mitigation: Clear CPU buffers
[    0.029309] Freeing SMP alternatives memory: 36K
[    0.140110] smpboot: CPU0: Intel(R) Core(TM) i9-9880H CPU @ 2.30GHz (family: 0x6, model: 0x9e, stepping: 0xd)
[    0.142628] Performance Events: unsupported p6 CPU model 158 no PMU driver, software events only.
[    0.144027] Hierarchical SRCU implementation.
[    0.145233] NMI watchdog: Perf event create on CPU 0 failed with -2
[    0.146508] NMI watchdog: Perf NMI watchdog permanently disabled
[    0.147478] smp: Bringing up secondary CPUs ...
[    0.148059] x86: Booting SMP configuration:
[    0.148733] .... node  #0, CPUs:      #1
[    0.004000] kvm-clock: cpu 1, msr 0:7ff44041, secondary cpu clock
[    0.152026] smp: Brought up 1 node, 2 CPUs
[    0.152724] smpboot: Max logical packages: 1
[    0.153423] smpboot: Total of 2 processors activated (9215.99 BogoMIPS)
[    0.156114] devtmpfs: initialized
[    0.156687] x86/mm: Memory block size: 128MB
[    0.158144] evm: security.selinux
[    0.159156] evm: security.SMACK64
[    0.160003] evm: security.SMACK64EXEC
[    0.160676] evm: security.SMACK64TRANSMUTE
[    0.161541] evm: security.SMACK64MMAP
[    0.162296] evm: security.apparmor
[    0.164021] evm: security.ima
[    0.164789] evm: security.capability
[    0.165484] clocksource: jiffies: mask: 0xffffffff max_cycles: 0xffffffff, max_idle_ns: 7645041785100000 ns
[    0.165733] futex hash table entries: 512 (order: 3, 32768 bytes)
[    0.168048] pinctrl core: initialized pinctrl subsystem
[    0.169044] RTC time: 15:58:09, date: 10/03/20
[    0.170063] NET: Registered protocol family 16
[    0.171192] audit: initializing netlink subsys (disabled)
[    0.172031] audit: type=2000 audit(1601740694.809:1): state=initialized audit_enabled=0 res=1
[    0.172161] cpuidle: using governor ladder
[    0.176031] cpuidle: using governor menu
[    0.176921] ACPI: bus type PCI registered
[    0.177651] acpiphp: ACPI Hot Plug PCI Controller Driver version: 0.5
[    0.178959] PCI: Using configuration type 1 for base access
[    0.181598] HugeTLB registered 2.00 MiB page size, pre-allocated 0 pages
[    0.184100] ACPI: Added _OSI(Module Device)
[    0.185266] ACPI: Added _OSI(Processor Device)
[    0.186075] ACPI: Added _OSI(3.0 _SCP Extensions)
[    0.186854] ACPI: Added _OSI(Processor Aggregator Device)
[    0.188003] ACPI: Added _OSI(Linux-Dell-Video)
[    0.188892] ACPI: Added _OSI(Linux-Lenovo-NV-HDMI-Audio)
[    0.190193] ACPI: Added _OSI(Linux-HPI-Hybrid-Graphics)
[    0.192401] ACPI: Executed 1 blocks of module-level executable AML code
[    0.197576] ACPI: Interpreter enabled
[    0.198199] ACPI: (supports S0 S5)
[    0.198844] ACPI: Using IOAPIC for interrupt routing
[    0.199758] PCI: Using host bridge windows from ACPI; if necessary, use "pci=nocrs" and report a bug
[    0.200251] ACPI: Enabled 2 GPEs in block 00 to 07
[    0.208187] ACPI: PCI Root Bridge [PCI0] (domain 0000 [bus 00-ff])
[    0.209746] acpi PNP0A03:00: _OSC: OS supports [ASPM ClockPM Segments MSI]
[    0.212000] acpi PNP0A03:00: _OSC: not requesting OS control; OS requires [ExtendedConfig ASPM ClockPM MSI]
[    0.212011] acpi PNP0A03:00: fail to add MMCONFIG information, can't access extended PCI configuration space under this bridge.
[    0.216527] PCI host bridge to bus 0000:00
[    0.217378] pci_bus 0000:00: root bus resource [io  0x0000-0x0cf7 window]
[    0.218483] pci_bus 0000:00: root bus resource [io  0x0d00-0xffff window]
[    0.220004] pci_bus 0000:00: root bus resource [mem 0x000a0000-0x000bffff window]
[    0.221320] pci_bus 0000:00: root bus resource [mem 0x80000000-0xfdffffff window]
[    0.224002] pci_bus 0000:00: root bus resource [bus 00-ff]
[    0.228135] pci 0000:00:01.1: legacy IDE quirk: reg 0x10: [io  0x01f0-0x01f7]
[    0.229839] pci 0000:00:01.1: legacy IDE quirk: reg 0x14: [io  0x03f6]
[    0.231055] pci 0000:00:01.1: legacy IDE quirk: reg 0x18: [io  0x0170-0x0177]
[    0.232005] pci 0000:00:01.1: legacy IDE quirk: reg 0x1c: [io  0x0376]
[    0.253562] pci 0000:00:07.0: quirk: [io  0x4000-0x403f] claimed by PIIX4 ACPI
[    0.255080] pci 0000:00:07.0: quirk: [io  0x4100-0x410f] claimed by PIIX4 SMB
[    0.268304] ACPI: PCI Interrupt Link [LNKA] (IRQs 5 9 10 *11)
[    0.270103] ACPI: PCI Interrupt Link [LNKB] (IRQs 5 9 *10 11)
[    0.271845] ACPI: PCI Interrupt Link [LNKC] (IRQs 5 *9 10 11)
[    0.272117] ACPI: PCI Interrupt Link [LNKD] (IRQs 5 9 10 *11)
[    0.273712] SCSI subsystem initialized
[    0.274534] pci 0000:00:02.0: vgaarb: setting as boot VGA device
[    0.274534] pci 0000:00:02.0: vgaarb: VGA device added: decodes=io+mem,owns=io+mem,locks=none
[    0.276009] pci 0000:00:02.0: vgaarb: bridge control possible
[    0.277023] vgaarb: loaded
[    0.277571] ACPI: bus type USB registered
[    0.280023] usbcore: registered new interface driver usbfs
[    0.280994] usbcore: registered new interface driver hub
[    0.282058] usbcore: registered new device driver usb
[    0.283076] EDAC MC: Ver: 3.0.0
[    0.284274] PCI: Using ACPI for IRQ routing
[    0.285143] NetLabel: Initializing
[    0.285759] NetLabel:  domain hash size = 128
[    0.286543] NetLabel:  protocols = UNLABELED CIPSOv4 CALIPSO
[    0.288015] NetLabel:  unlabeled traffic allowed by default
[    0.289072] clocksource: Switched to clocksource kvm-clock
[    0.301592] VFS: Disk quotas dquot_6.6.0
[    0.302891] VFS: Dquot-cache hash table entries: 512 (order 0, 4096 bytes)
[    0.304918] AppArmor: AppArmor Filesystem Enabled
[    0.306244] pnp: PnP ACPI init
[    0.308269] pnp: PnP ACPI: found 3 devices
[    0.317416] clocksource: acpi_pm: mask: 0xffffff max_cycles: 0xffffff, max_idle_ns: 2085701024 ns
[    0.319519] NET: Registered protocol family 2
[    0.320501] TCP established hash table entries: 16384 (order: 5, 131072 bytes)
[    0.322024] TCP bind hash table entries: 16384 (order: 6, 262144 bytes)
[    0.323396] TCP: Hash tables configured (established 16384 bind 16384)
[    0.326601] UDP hash table entries: 1024 (order: 3, 32768 bytes)
[    0.327704] UDP-Lite hash table entries: 1024 (order: 3, 32768 bytes)
[    0.328940] NET: Registered protocol family 1
[    0.329733] pci 0000:00:00.0: Limiting direct PCI/PCI transfers
[    0.330883] pci 0000:00:01.0: Activating ISA DMA hang workarounds
[    0.332145] pci 0000:00:02.0: Video device with shadowed ROM at [mem 0x000c0000-0x000dffff]
[    0.334087] Unpacking initramfs...
[    0.580152] Freeing initrd memory: 19212K
[    0.581267] clocksource: tsc: mask: 0xffffffffffffffff max_cycles: 0x2135f5e6f15, max_idle_ns: 440795231538 ns
[    0.583892] platform rtc_cmos: registered platform RTC device (no PNP device found)
[    0.585191] Scanning for low memory corruption every 60 seconds
[    0.587014] Initialise system trusted keyrings
[    0.587950] Key type blacklist registered
[    0.588652] workingset: timestamp_bits=36 max_order=19 bucket_order=0
[    0.590223] zbud: loaded
[    0.591182] squashfs: version 4.0 (2009/01/31) Phillip Lougher
[    0.592766] fuse init (API version 7.26)
[    0.594972] Key type asymmetric registered
[    0.595622] Asymmetric key parser 'x509' registered
[    0.596966] Block layer SCSI generic (bsg) driver version 0.4 loaded (major 246)
[    0.599106] io scheduler noop registered
[    0.600264] io scheduler deadline registered
[    0.601458] io scheduler cfq registered (default)
[    0.602864] ACPI: AC Adapter [AC] (on-line)
[    0.604227] input: Power Button as /devices/LNXSYSTM:00/LNXPWRBN:00/input/input0
[    0.605831] ACPI: Power Button [PWRF]
[    0.607320] input: Sleep Button as /devices/LNXSYSTM:00/LNXSLPBN:00/input/input1
[    0.609314] ACPI: Sleep Button [SLPF]
[    0.611929] ACPI: Battery Slot [BAT0] (battery present)
[    0.612865] Serial: 8250/16550 driver, 32 ports, IRQ sharing enabled
[    0.635217] 00:02: ttyS0 at I/O 0x3f8 (irq = 4, base_baud = 115200) is a 16550A
[    0.639840] Linux agpgart interface v0.103
[    0.644632] loop: module loaded
[    0.645621] scsi host0: ata_piix
[    0.646223] scsi host1: ata_piix
[    0.647117] ata1: PATA max UDMA/33 cmd 0x1f0 ctl 0x3f6 bmdma 0xd000 irq 14
[    0.648448] ata2: PATA max UDMA/33 cmd 0x170 ctl 0x376 bmdma 0xd008 irq 15
[    0.650943] libphy: Fixed MDIO Bus: probed
[    0.651977] tun: Universal TUN/TAP device driver, 1.6
[    0.652897] PPP generic driver version 2.4.2
[    0.653762] ehci_hcd: USB 2.0 'Enhanced' Host Controller (EHCI) Driver
[    0.655645] ehci-pci: EHCI PCI platform driver
[    0.656804] ehci-platform: EHCI generic platform driver
[    0.658025] ohci_hcd: USB 1.1 'Open' Host Controller (OHCI) Driver
[    0.659137] ohci-pci: OHCI PCI platform driver
[    0.659916] ohci-platform: OHCI generic platform driver
[    0.661109] uhci_hcd: USB Universal Host Controller Interface driver
[    0.662502] i8042: PNP: PS/2 Controller [PNP0303:PS2K,PNP0f03:PS2M] at 0x60,0x64 irq 1,12
[    0.664224] serio: i8042 KBD port at 0x60,0x64 irq 1
[    0.665096] serio: i8042 AUX port at 0x60,0x64 irq 12
[    0.666367] mousedev: PS/2 mouse device common for all mice
[    0.669479] input: AT Translated Set 2 keyboard as /devices/platform/i8042/serio0/input/input2
[    0.671478] rtc_cmos rtc_cmos: rtc core: registered rtc_cmos as rtc0
[    0.672881] rtc_cmos rtc_cmos: alarms up to one day, 114 bytes nvram
[    0.674609] i2c /dev entries driver
[    0.675648] device-mapper: uevent: version 1.0.3
[    0.676968] device-mapper: ioctl: 4.37.0-ioctl (2017-09-20) initialised: dm-devel@redhat.com
[    0.678698] ledtrig-cpu: registered to indicate activity on CPUs
[    0.680994] NET: Registered protocol family 10
[    0.685329] Segment Routing with IPv6
[    0.685987] NET: Registered protocol family 17
[    0.687114] Key type dns_resolver registered
[    0.687998] mce: Using 0 MCE banks
[    0.689096] RAS: Correctable Errors collector initialized.
[    0.689970] sched_clock: Marking stable (689082310, 0)->(849775073, -160692763)
[    0.692531] registered taskstats version 1
[    0.693296] Loading compiled-in X.509 certificates
[    0.696234] Loaded X.509 cert 'Build time autogenerated kernel key: 1d4b83cbc5f7a3cd7e4471a5cf69d65d9314bdf5'
[    0.698502] zswap: loaded using pool lzo/zbud
[    0.702922] Key type big_key registered
[    0.703784] Key type trusted registered
[    0.705791] Key type encrypted registered
[    0.706540] AppArmor: AppArmor sha1 policy hashing enabled
[    0.707416] ima: No TPM chip found, activating TPM-bypass! (rc=-19)
[    0.708901] ima: Allocated hash algorithm: sha1
[    0.709796] evm: HMAC attrs: 0x1
[    0.710782]   Magic number: 8:283:992
[    0.711680] rtc_cmos rtc_cmos: setting system clock to 2020-10-03 15:58:09 UTC (1601740689)
[    0.713262] BIOS EDD facility v0.16 2004-Jun-25, 0 devices found
[    0.714379] EDD information not available.
[    0.929297] Freeing unused kernel image memory: 2436K
[    0.992491] Write protecting the kernel read-only data: 20480k
[    0.994531] Freeing unused kernel image memory: 2008K
[    0.996144] Freeing unused kernel image memory: 1872K
[    1.004231] x86/mm: Checked W+X mappings: passed, no W+X pages found.
[    1.006003] x86/mm: Checking user space page tables
[    1.013808] x86/mm: Checked W+X mappings: passed, no W+X pages found.
Loading, please wait...
starting version 237
[    1.068187] e1000: Intel(R) PRO/1000 Network Driver - version 7.3.21-k8-NAPI
[    1.070112] e1000: Copyright (c) 1999-2006 Intel Corporation.
[    1.077550] Fusion MPT base driver 3.04.20
[    1.078931] Copyright (c) 1999-2008 LSI Corporation
[    1.083651] Fusion MPT SPI Host driver 3.04.20
[    1.097897] AVX2 version of gcm_enc/dec engaged.
[    1.098944] AES CTR mode by8 optimization enabled
[    1.287523] input: ImExPS/2 Generic Explorer Mouse as /devices/platform/i8042/serio1/input/input4
[    1.463000] e1000 0000:00:03.0 eth0: (PCI:33MHz:32-bit) 02:8a:e8:1b:bb:fd
[    1.464759] e1000 0000:00:03.0 eth0: Intel(R) PRO/1000 Network Connection
[    1.467263] mptbase: ioc0: Initiating bringup
[    1.560703] ioc0: LSI53C1030 A0: Capabilities={Initiator}
[    1.802473] scsi host2: ioc0: LSI53C1030 A0, FwRev=00000000h, Ports=1, MaxQ=256, IRQ=20
[    1.972739] scsi 2:0:0:0: Direct-Access     VBOX     HARDDISK         1.0  PQ: 0 ANSI: 5
[    2.018089] scsi target2:0:0: Beginning Domain Validation
[    2.020533] scsi target2:0:0: Domain Validation skipping write tests
[    2.021908] scsi target2:0:0: Ending Domain Validation
[    2.023007] scsi target2:0:0: asynchronous
[    2.024241] scsi 2:0:1:0: Direct-Access     VBOX     HARDDISK         1.0  PQ: 0 ANSI: 5
[    2.345134] scsi target2:0:1: Beginning Domain Validation
[    2.347790] random: fast init done
[    2.348602] scsi target2:0:1: Domain Validation skipping write tests
[    2.349831] scsi target2:0:1: Ending Domain Validation
[    2.350884] scsi target2:0:1: asynchronous
[    2.354871] random: systemd-udevd: uninitialized urandom read (16 bytes read)
[    2.356293] random: systemd-udevd: uninitialized urandom read (16 bytes read)
[    2.357531] random: systemd-udevd: uninitialized urandom read (16 bytes read)
[    2.358962] sd 2:0:0:0: Attached scsi generic sg0 type 0
[    2.360441] sd 2:0:1:0: Attached scsi generic sg1 type 0
[    2.361777] sd 2:0:1:0: [sdb] 20480 512-byte logical blocks: (10.5 MB/10.0 MiB)
[    2.363214] sd 2:0:1:0: [sdb] Write Protect is off
[    2.364720] sd 2:0:1:0: [sdb] Incomplete mode parameter data
[    2.366060] sd 2:0:1:0: [sdb] Assuming drive cache: write through
[    2.366631] sd 2:0:0:0: [sda] 20971520 512-byte logical blocks: (10.7 GB/10.0 GiB)
[    2.369910] sd 2:0:1:0: [sdb] Attached SCSI disk
[    2.373790] sd 2:0:0:0: [sda] Write Protect is off
[    2.376951] sd 2:0:0:0: [sda] Incomplete mode parameter data
[    2.378538] sd 2:0:0:0: [sda] Assuming drive cache: write through
[    2.379825] e1000 0000:00:08.0 eth1: (PCI:33MHz:32-bit) 08:00:27:09:c7:44
[    2.381177] e1000 0000:00:08.0 eth1: Intel(R) PRO/1000 Network Connection
[    2.382161]  sda: sda1
[    2.384198] e1000 0000:00:08.0 enp0s8: renamed from eth1
[    2.385466] sd 2:0:0:0: [sda] Attached SCSI disk
[    2.408472] e1000 0000:00:03.0 enp0s3: renamed from eth0
Begin: Loading essential drivers ... [    3.816402] raid6: sse2x1   gen() 13256 MB/s
[    3.864052] raid6: sse2x1   xor()  6581 MB/s
[    3.912249] raid6: sse2x2   gen() 16309 MB/s
[    3.960012] raid6: sse2x2   xor()  9754 MB/s
[    4.008110] raid6: sse2x4   gen() 14297 MB/s
[    4.056033] raid6: sse2x4   xor()  9120 MB/s
[    4.104244] raid6: avx2x1   gen() 23729 MB/s
[    4.152566] raid6: avx2x1   xor() 15218 MB/s
[    4.200164] raid6: avx2x2   gen() 29384 MB/s
[    4.248258] raid6: avx2x2   xor() 19072 MB/s
[    4.296531] raid6: avx2x4   gen() 34910 MB/s
[    4.344008] raid6: avx2x4   xor() 21145 MB/s
[    4.345058] raid6: using algorithm avx2x4 gen() 34910 MB/s
[    4.345885] raid6: .... xor() 21145 MB/s, rmw enabled
[    4.346677] raid6: using avx2x2 recovery algorithm
[    4.348495] xor: automatically using best checksumming function   avx       
[    4.350666] async_tx: api initialized (async)
done.
Begin: Running /scripts/init-premount ... done.
Begin: Mounting root file system ... Begin: Running /scripts/local-top ... done.
Begin: Running /scripts/local-premount ... [    4.392212] Btrfs loaded, crc32c=crc32c-intel
Scanning for Btrfs filesystems
done.
Warning: fsck not present, so skipping root file system
[    4.415434] EXT4-fs (sda1): INFO: recovery required on readonly filesystem
[    4.416758] EXT4-fs (sda1): write access will be enabled during recovery
[    4.530963] EXT4-fs (sda1): recovery complete
[    4.532060] EXT4-fs (sda1): mounted filesystem with ordered data mode. Opts: (null)
done.
Begin: Running /scripts/local-bottom ... done.
Begin: Running /scripts/init-bottom ... done.
[    4.684686] ip_tables: (C) 2000-2006 Netfilter Core Team
[    4.693976] systemd[1]: systemd 237 running in system mode. (+PAM +AUDIT +SELINUX +IMA +APPARMOR +SMACK +SYSVINIT +UTMP +LIBCRYPTSETUP +GCRYPT +GNUTLS +ACL +XZ +LZ4 +SECCOMP +BLKID +ELFUTILS +KMOD -IDN2 +IDN -PCRE2 default-hierarchy=hybrid)
[    4.697993] systemd[1]: Detected virtualization oracle.
[    4.699007] systemd[1]: Detected architecture x86-64.

Welcome to [1mUbuntu 18.04.5 LTS[0m!

[    4.707497] systemd[1]: Set hostname to <k1s-node2>.
[    4.925074] systemd[1]: Configuration file /lib/systemd/system/kubelet.service is marked world-inaccessible. This has no effect as configuration data is accessible via APIs without restrictions. Proceeding anyway.
[    4.929475] systemd[1]: Configuration file /etc/systemd/system/kubelet.service.d/10-kubeadm.conf is marked world-inaccessible. This has no effect as configuration data is accessible via APIs without restrictions. Proceeding anyway.
[    4.965289] systemd[1]: Created slice User and Session Slice.
[[0;32m  OK  [0m] Created slice User and Session Slice.
[    4.967601] systemd[1]: Reached target User and Group Name Lookups.
[[0;32m  OK  [0m] Reached target User and Group Name Lookups.
[    4.969962] systemd[1]: Reached target System Time Synchronized.
[[0;32m  OK  [0m] Reached target System Time Synchronized.
[    4.973330] systemd[1]: Started Forward Password Requests to Wall Directory Watch.
[[0;32m  OK  [0m] Started Forward Password Requests to Wall Directory Watch.
[[0;32m  OK  [0m] Created slice System Slice.
[[0;32m  OK  [0m] Listening on Syslog Socket.
[[0;32m  OK  [0m] Reached target Slices.
[[0;32m  OK  [0m] Listening on Journal Socket.
         Starting Remount Root and Kernel File Systems...
         Mounting Kernel Debug File System...
         Mounting Huge Pages File System...
         Starting Load Kernel Modules...
[[0;32m  OK  [0m] Created slice system-serial\x2dgetty.slice.
[    5.011642] Loading iSCSI transport class v2.0-870.
[[0;32m  OK  [0m] Listening on udev Control Socket.
[[0;32m  OK  [0m] Listening on udev Kernel Socket.
         Starting Set the console keyboard layout...
[    5.019050] iscsi: registered transport (tcp)
         Starting Create list of required st…ce nodes for the current kernel...
[[0;32m  OK  [0m] Listening on LVM2 poll daemon socket.
[[0;32m  OK  [0m] Listening on Network Service Netlink Socket.
         Starting udev Coldplug all Devices...
[[0;32m  OK  [0m] Listening on Journal Socket (/dev/log).
[[0;32m  OK  [0m] Listening on Device-mapper event daemon FIFOs.
[[0;32m  OK  [0m] Reached target Swap.
[[0;32m  OK  [0m] Listening on /dev/initctl Compatibility Named Pipe.
[[0;32m  OK  [0m] Set up automount Arbitrary Executab…rmats File System Automount Point.
[[0;32m  OK  [0m] Listening on Journal Audit Socket.
         Starting Journal Service...
[[0;32m  OK  [0m] Listening on LVM2 metadata daemon socket.
         Starting Monitoring of LVM2 mirrors…ng dmeventd or progress polling...
         Mounting POSIX Message Queue File System...
[    5.066139] iscsi: registered transport (iser)
         Starting Uncomplicated firewall.[    5.067489] EXT4-fs (sda1): re-mounted. Opts: (null)
..
[[0;32m  OK  [0m] Started Remount Root and Kernel File Systems.
[[0;32m  OK  [0m] Mounted Kernel Debug File System.
[[0;32m  OK  [0m] Mounted Huge Pages File System.
[[0;32m  OK  [0m] Started Load Kernel Modules.
[[0;32m  OK  [0m] Started Create list of required sta…vice nodes for the current kernel.
[[0;32m  OK  [0m] Started Journal Service.
[[0;32m  OK  [0m] Mounted POSIX Message Queue File System.
[[0;32m  OK  [0m] Started LVM2 metadata daemon.
         Starting Create Static Device Nodes in /dev...
         Starting Apply Kernel Variables...
         Mounting FUSE Control File System...
         Mounting Kernel Configuration File System...
         Starting Flush Journal to Persistent Storage...
         Starting Load/Save Random Seed...
[[0;32m  OK  [0m] Started Monitoring of LVM2 mirrors,…sing dmeventd or progress polling.
[[0;32m  OK  [0m] Started Uncomplicated firewall.
[[0;32m  OK  [0m] Started udev Coldplug all Devices.
[[0;32m  OK  [0m] Mounted FUSE Control File System.
[[0;32m  OK  [0m] Mounted Kernel Configuration File System.
[[0;32m  OK  [0m] Started Load/Save Random Seed.
[[0;32m  OK  [0m] Started Create Static Device Nodes in /dev.
         Starting udev Kernel Device Manager...
[[0;32m  OK  [0m] Started Apply Kernel Variables.
[[0;32m  OK  [0m] Started Set the console keyboard layout.
[[0;32m  OK  [0m] Reached target Local File Systems (Pre).
[[0;32m  OK  [0m] Reached target Local File Systems.
         Starting ebtables ruleset management...
         Starting AppArmor initialization...
         Starting Set console font and keymap...
         Starting Tell Plymouth To Write Out Runtime Data...
[[0;32m  OK  [0m] Started udev Kernel Device Manager.
[[0;32m  OK  [0m] Started Dispatch Password Requests to Console Directory Watch.
[[0;32m  OK  [0m] Reached target Local Encrypted Volumes.
[[0;32m  OK  [0m] Started Set console font and keymap.
[[0;32m  OK  [0m] Started Tell Plymouth To Write Out Runtime Data.
[[0;32m  OK  [0m] Started Flush Journal to Persistent Storage.
         Starting Create Volatile Files and Directories...
[[0;32m  OK  [0m] Started Create Volatile Files and Directories.
         Starting Update UTMP about System Boot/Shutdown...
[[0;32m  OK  [0m] Started Update UTMP about System Boot/Shutdown.
[[0;32m  OK  [0m] Started ebtables ruleset management.
[[0;32m  OK  [0m] Found device /dev/ttyS0.
[[0;32m  OK  [0m] Listening on Load/Save RF Kill Switch Status /dev/rfkill Watch.
[[0;32m  OK  [0m] Started AppArmor initialization.
         Starting Load AppArmor profiles managed internally by snapd...
         Starting Initial cloud-init job (pre-networking)...
[[0;32m  OK  [0m] Started Load AppArmor profiles managed internally by snapd.
[    6.459797] cloud-init[563]: Cloud-init v. 20.2-45-g5f7825e2-0ubuntu1~18.04.1 running 'init-local' at Sat, 03 Oct 2020 15:58:15 +0000. Up 6.30 seconds.
[[0;32m  OK  [0m] Started Initial cloud-init job (pre-networking).
[[0;32m  OK  [0m] Reached target Network (Pre).
         Starting Network Service...
[[0;32m  OK  [0m] Started Network Service.
         Starting Wait for Network to be Configured...
         Starting Network Name Resolution...
[[0;32m  OK  [0m] Started Network Name Resolution.
[[0;32m  OK  [0m] Reached target Network.
[[0;32m  OK  [0m] Reached target Host and Network Name Lookups.
[[0;32m  OK  [0m] Started Wait for Network to be Configured.
         Starting Initial cloud-init job (metadata service crawler)...
[    8.849335] cloud-init[693]: Cloud-init v. 20.2-45-g5f7825e2-0ubuntu1~18.04.1 running 'init' at Sat, 03 Oct 2020 15:58:17 +0000. Up 8.73 seconds.
[    8.851912] cloud-init[693]: ci-info: ++++++++++++++++++++++++++++++++++++++Net device info+++++++++++++++++++++++++++++++++++++++
[    8.853785] cloud-init[693]: ci-info: +--------+------+-----------------------------+---------------+--------+-------------------+
[    8.855475] cloud-init[693]: ci-info: | Device |  Up  |           Address           |      Mask     | Scope  |     Hw-Address    |
[    8.857255] cloud-init[693]: ci-info: +--------+------+-----------------------------+---------------+--------+-------------------+
[    8.859044] cloud-init[693]: ci-info: | enp0s3 | True |          10.0.2.15          | 255.255.255.0 | global | 02:8a:e8:1b:bb:fd |
[    8.860839] cloud-init[693]: ci-info: | enp0s3 | True |  fe80::8a:e8ff:fe1b:bbfd/64 |       .       |  link  | 02:8a:e8:1b:bb:fd |
[    8.862697] cloud-init[693]: ci-info: | enp0s8 | True |        192.168.33.120       | 255.255.255.0 | global | 08:00:27:09:c7:44 |
[    8.864509] cloud-init[693]: ci-info: | enp0s8 | True | fe80::a00:27ff:fe09:c744/64 |       .       |  link  | 08:00:27:09:c7:44 |
[    8.866406] cloud-init[693]: ci-info: |   lo   | True |          127.0.0.1          |   255.0.0.0   |  host  |         .         |
[    8.868205] cloud-init[693]: ci-info: |   lo   | True |           ::1/128           |       .       |  host  |         .         |
[    8.869971] cloud-init[693]: ci-info: +--------+------+-----------------------------+---------------+--------+-------------------+
[    8.872158] cloud-init[693]: ci-info: +++++++++++++++++++++++++++++Route IPv4 info+++++++++++++++++++++++++++++
[    8.873666] cloud-init[693]: ci-info: +-------+--------------+----------+-----------------+-----------+-------+
[    8.875230] cloud-init[693]: ci-info: | Route | Destination  | Gateway  |     Genmask     | Interface | Flags |
[    8.876703] cloud-init[693]: ci-info: +-------+--------------+----------+-----------------+-----------+-------+
[    8.878201] cloud-init[693]: ci-info: |   0   |   0.0.0.0    | 10.0.2.2 |     0.0.0.0     |   enp0s3  |   UG  |
[    8.879653] cloud-init[693]: ci-info: |   1   |   10.0.2.0   | 0.0.0.0  |  255.255.255.0  |   enp0s3  |   U   |
[    8.881149] cloud-init[693]: ci-info: |   2   |   10.0.2.2   | 0.0.0.0  | 255.255.255.255 |   enp0s3  |   UH  |
[    8.882660] cloud-init[693]: ci-info: |   3   | 192.168.33.0 | 0.0.0.0  |  255.255.255.0  |   enp0s8  |   U   |
[    8.896169] cloud-init[693]: ci-info: +-------+--------------+----------+-----------------+-----------+-------+
[    8.897519] cloud-init[693]: ci-info: +++++++++++++++++++Route IPv6 info+++++++++++++++++++
[    8.898893] cloud-init[693]: ci-info: +-------+-------------+---------+-----------+-------+
[    8.900097] cloud-init[693]: ci-info: | Route | Destination | Gateway | Interface | Flags |
[    8.901152] cloud-init[693]: ci-info: +-------+-------------+---------+-----------+-------+
[    8.912842] cloud-init[693]: ci-info: |   1   |  fe80::/64  |    ::   |   enp0s3  |   U   |
[    8.913926] cloud-init[693]: ci-info: |   2   |  fe80::/64  |    ::   |   enp0s8  |   U   |
[    8.914984] cloud-init[693]: ci-info: |   4   |    local    |    ::   |   enp0s3  |   U   |
[    8.916081] cloud-init[693]: ci-info: |   5   |    local    |    ::   |   enp0s8  |   U   |
[    8.928136] cloud-init[693]: ci-info: |   6   |   ff00::/8  |    ::   |   enp0s3  |   U   |
[    8.929500] cloud-init[693]: ci-info: |   7   |   ff00::/8  |    ::   |   enp0s8  |   U   |
[    8.930706] cloud-init[693]: ci-info: +-------+-------------+---------+-----------+-------+
[[0;32m  OK  [0m] Started Initial cloud-init job (metadata service crawler).
[[0;32m  OK  [0m] Reached target Network is Online.
[[0;32m  OK  [0m] Reached target Remote File Systems (Pre).
[[0;32m  OK  [0m] Reached target Remote File Systems.
         Starting Availability of block devices...
[[0;32m  OK  [0m] Reached target Cloud-config availability.
[[0;32m  OK  [0m] Reached target System Initialization.
[[0;32m  OK  [0m] Listening on ACPID Listen Socket.
         Starting Docker Socket for the API.
[[0;32m  OK  [0m] Listening on D-Bus System Message Bus Socket.
         Starting Socket activation for snappy daemon.
[[0;32m  OK  [0m] Listening on Open-iSCSI iscsid Socket.
[[0;32m  OK  [0m] Started Message of the Day.
[[0;32m  OK  [0m] Listening on UUID daemon activation socket.
         Starting LXD - unix socket.
[[0;32m  OK  [0m] Started Discard unused blocks once a week.
[[0;32m  OK  [0m] Started ACPI Events Check.
[[0;32m  OK  [0m] Started Daily Cleanup of Temporary Directories.
[[0;32m  OK  [0m] Reached target Paths.
[[0;32m  OK  [0m] Started Daily apt download activities.
[[0;32m  OK  [0m] Started Daily apt upgrade and clean activities.
[[0;32m  OK  [0m] Reached target Timers.
[[0;32m  OK  [0m] Started Availability of block devices.
[[0;32m  OK  [0m] Listening on Docker Socket for the API.
[[0;32m  OK  [0m] Listening on Socket activation for snappy daemon.
[[0;32m  OK  [0m] Listening on LXD - unix socket.
[[0;32m  OK  [0m] Reached target Sockets.
[[0;32m  OK  [0m] Reached target Basic System.
[[0;32m  OK  [0m] Started Regular background program processing daemon.
         Starting LSB: automatic crash report generation...
         Starting containerd container runtime...
         Starting Ubuntu FAN network setup...
[[0;32m  OK  [0m] Started irqbalance daemon.
         Starting System Logging Service...
         Starting Virtualbox guest utils...
         Starting Permit User Sessions...
[[0;32m  OK  [0m] Started kubelet: The Kubernetes Node Agent.
         Starting Snap Daemon...
         Starting Dispatcher daemon for systemd-networkd...
[[0;32m  OK  [0m] Started FUSE filesystem for LXC.
         Starting Login Service...
         Starting LSB: Record successful boot for GRUB...
[[0;32m  OK  [0m] Started Deferred execution scheduler.
         Starting LXD - container startup/shutdown...
         Starting Accounts Service...
         Starting OpenBSD Secure Shell server...
[[0;32m  OK  [0m] Started D-Bus System Message Bus.
[[0;32m  OK  [0m] Started System Logging Service.
[[0;32m  OK  [0m] Started containerd container runtime.
[[0;32m  OK  [0m] Started Permit User Sessions.
[[0;32m  OK  [0m] Started Login Service.
[[0;32m  OK  [0m] Started Unattended Upgrades Shutdown.
         Starting Terminate Plymouth Boot Screen...
         Starting Hold until boot process finishes up...
         Starting Docker Application Container Engine...
[[0;32m  OK  [0m] Started Hold until boot process finishes up.
[[0;32m  OK  [0m] Started Serial Getty on ttyS0.
         Starting Set console scheme...
[[0;32m  OK  [0m] Started OpenBSD Secure Shell server.
[[0;32m  OK  [0m] Started Terminate Plymouth Boot Screen.
[[0;32m  OK  [0m] Started Set console scheme.
[[0;32m  OK  [0m] Created slice system-getty.slice.
[[0;32m  OK  [0m] Started Getty on tty1.
[[0;32m  OK  [0m] Reached target Login Prompts.
         Starting Authorization Manager...
[[0;32m  OK  [0m] Started LSB: automatic crash report generation.
[[0;32m  OK  [0m] Started Ubuntu FAN network setup.
[[0;32m  OK  [0m] Started LSB: Record successful boot for GRUB.
[[0;32m  OK  [0m] Started LXD - container startup/shutdown.
[[0;32m  OK  [0m] Started Virtualbox guest utils.
[[0;32m  OK  [0m] Started Dispatcher daemon for systemd-networkd.
[[0;32m  OK  [0m] Started Authorization Manager.
[[0;32m  OK  [0m] Started Accounts Service.
[[0;32m  OK  [0m] Started Kubernetes systemd probe.
[[0;32m  OK  [0m] Started Snap Daemon.
         Starting Wait until snapd is fully seeded...
[[0;32m  OK  [0m] Started Wait until snapd is fully seeded.
         Starting Apply the settings specified in cloud-config...
[   11.630390] cloud-init[1381]: Cloud-init v. 20.2-45-g5f7825e2-0ubuntu1~18.04.1 running 'modules:config' at Sat, 03 Oct 2020 15:58:20 +0000. Up 11.54 seconds.
[[0;32m  OK  [0m] Started Apply the settings specified in cloud-config.
[[0;32m  OK  [0m] Started Docker Application Container Engine.
[[0;32m  OK  [0m] Reached target Multi-User System.
[[0;32m  OK  [0m] Reached target Graphical Interface.
         Starting Update UTMP about System Runlevel Changes...
         Starting Execute cloud user/final scripts...
[[0;32m  OK  [0m] Started Update UTMP about System Runlevel Changes.
[   14.368813] cloud-init[1695]: Cloud-init v. 20.2-45-g5f7825e2-0ubuntu1~18.04.1 running 'modules:final' at Sat, 03 Oct 2020 15:58:23 +0000. Up 14.28 seconds.
[   14.370494] cloud-init[1695]: Cloud-init v. 20.2-45-g5f7825e2-0ubuntu1~18.04.1 finished at Sat, 03 Oct 2020 15:58:23 +0000. Datasource DataSourceNoCloud [seed=/dev/sdb][dsmode=net].  Up 14.36 seconds
[[0;32m  OK  [0m] Started Execute cloud user/final scripts.
[[0;32m  OK  [0m] Reached target Cloud-init target.

Ubuntu 18.04.5 LTS k1s-node2 ttyS0

k1s-node2 login: 